TN:
SF:/Users/acouturi/Documents/redtetristplt/src/client/reducers/communication.js
FNF:0
FNH:0
LF:0
LH:0
BRF:0
BRH:0
end_of_record
TN:
SF:/Users/acouturi/Documents/redtetristplt/src/client/actions/alert.js
FN:3,alert
FNF:1
FNH:0
FNDA:0,alert
LF:0
LH:0
BRF:0
BRH:0
end_of_record
TN:
SF:/Users/acouturi/Documents/redtetristplt/src/client/actions/order.js
FN:3,order
FNF:1
FNH:0
FNDA:0,order
LF:0
LH:0
BRF:0
BRH:0
end_of_record
TN:
SF:/Users/acouturi/Documents/redtetristplt/src/client/actions/server.js
FN:1,ping
FN:7,register
FNF:2
FNH:0
FNDA:0,ping
FNDA:0,register
LF:0
LH:0
BRF:0
BRH:0
end_of_record
TN:
SF:/Users/acouturi/Documents/redtetristplt/src/client/actions/socket.js
FN:7,socketRequest
FN:13,socketSuccess
FN:20,socketFailure
FN:27,socketConnect
FN:28,(anonymous_6)
FNF:5
FNH:0
FNDA:0,socketRequest
FNDA:0,socketSuccess
FNDA:0,socketFailure
FNDA:0,socketConnect
FNDA:0,(anonymous_6)
DA:7,1
DA:13,1
DA:20,1
DA:27,1
LF:4
LH:4
BRF:0
BRH:0
end_of_record
TN:
SF:/Users/acouturi/Documents/redtetristplt/src/client/components/test.js
FN:3,Tetris
FN:9,Board
FNF:2
FNH:1
FNDA:1,Tetris
FNDA:0,Board
LF:0
LH:0
BRF:0
BRH:0
end_of_record
TN:
SF:/Users/acouturi/Documents/redtetristplt/src/client/containers/app.js
FN:25,App
FN:33,onClick
FN:36,onClick
FN:47,maincode
FN:53,(anonymous_8)
FN:63,(anonymous_9)
FN:72,mapStateToProps
FNF:7
FNH:0
FNDA:0,App
FNDA:0,onClick
FNDA:0,onClick
FNDA:0,maincode
FNDA:0,(anonymous_8)
FNDA:0,(anonymous_9)
FNDA:0,mapStateToProps
DA:26,0
DA:47,1
DA:55,0
DA:56,0
DA:57,0
DA:64,0
LF:6
LH:1
BRDA:26,1,0,0
BRDA:26,1,1,0
BRDA:55,2,0,0
BRDA:55,2,1,0
BRDA:56,3,0,0
BRDA:56,3,1,0
BRDA:64,4,0,0
BRDA:64,4,1,0
BRF:8
BRH:0
end_of_record
TN:
SF:/Users/acouturi/Documents/redtetristplt/src/client/index.js
FNF:0
FNH:0
LF:0
LH:0
BRF:0
BRH:0
end_of_record
TN:
SF:/Users/acouturi/Documents/redtetristplt/src/client/middleware/storeStateMiddleWare.js
FN:1,storeStateMiddleWare
FN:2,(anonymous_3)
FNF:2
FNH:0
FNDA:0,storeStateMiddleWare
FNDA:0,(anonymous_3)
LF:0
LH:0
BRF:0
BRH:0
end_of_record
TN:
SF:/Users/acouturi/Documents/redtetristplt/src/client/reducers/alert.js
FN:3,alert_reducer
FNF:1
FNH:0
FNDA:0,alert_reducer
LF:0
LH:0
BRDA:3,1,0,0
BRDA:3,1,1,0
BRDA:3,2,0,0
BRDA:3,2,1,0
BRDA:5,3,0,0
BRDA:5,3,1,0
BRF:6
BRH:0
end_of_record
TN:
SF:/Users/acouturi/Documents/redtetristplt/src/client/reducers/index.js
FNF:0
FNH:0
LF:0
LH:0
BRF:0
BRH:0
end_of_record
TN:
SF:/Users/acouturi/Documents/redtetristplt/src/client/reducers/socket.js
FN:3,socket_reducer
FNF:1
FNH:0
FNDA:0,socket_reducer
LF:0
LH:0
BRDA:3,1,0,0
BRDA:3,1,1,0
BRDA:3,2,0,0
BRDA:3,2,1,0
BRDA:5,3,0,0
BRDA:5,3,1,0
BRF:6
BRH:0
end_of_record
TN:
SF:/Users/acouturi/Documents/redtetristplt/src/helpers/index.js
FNF:0
FNH:0
LF:0
LH:0
BRF:0
BRH:0
end_of_record
TN:
SF:/Users/acouturi/Documents/redtetristplt/src/server/classes/game.js
FN:15,Game
FNF:1
FNH:0
FNDA:0,Game
DA:15,1
DA:31,0
DA:32,0
DA:60,0
DA:83,0
DA:87,0
LF:6
LH:1
BRDA:32,1,0,0
BRDA:32,1,1,0
BRDA:42,2,0,0
BRDA:42,2,1,0
BRDA:83,3,0,0
BRDA:83,3,1,0
BRDA:87,4,0,0
BRDA:87,4,1,0
BRF:8
BRH:0
end_of_record
TN:
SF:/Users/acouturi/Documents/redtetristplt/src/server/classes/piece.js
FN:5,Piece
FNF:1
FNH:1
FNDA:2,Piece
DA:5,2
DA:11,2
DA:12,0
DA:16,2
DA:17,2
DA:19,3
DA:21,7
DA:29,2
LF:8
LH:7
BRDA:5,1,0,0
BRDA:5,1,1,2
BRDA:5,2,0,2
BRDA:5,2,1,0
BRDA:5,3,0,0
BRDA:5,3,1,2
BRDA:5,4,0,2
BRDA:5,4,1,0
BRDA:5,5,0,0
BRDA:5,5,1,2
BRDA:5,6,0,2
BRDA:5,6,1,0
BRDA:5,7,0,0
BRDA:5,7,1,2
BRDA:5,8,0,2
BRDA:5,8,1,0
BRDA:5,9,0,0
BRDA:5,9,1,2
BRDA:5,10,0,2
BRDA:5,10,1,0
BRDA:11,11,0,0
BRDA:11,11,1,2
BRDA:21,12,0,2
BRDA:21,12,1,5
BRF:24
BRH:13
end_of_record
TN:
SF:/Users/acouturi/Documents/redtetristplt/src/server/classes/player.js
FN:7,Player
FN:16,(anonymous_11)
FN:124,(anonymous_20)
FN:134,(anonymous_22)
FN:165,(anonymous_25)
FNF:5
FNH:3
FNDA:4,Player
FNDA:400,(anonymous_11)
FNDA:0,(anonymous_20)
FNDA:20,(anonymous_22)
FNDA:0,(anonymous_25)
DA:7,2
DA:35,2
DA:36,6
DA:37,18
DA:38,8
DA:39,8
DA:40,8
DA:57,0
DA:67,0
DA:75,0
DA:85,0
DA:96,0
DA:97,0
DA:99,0
DA:101,0
DA:105,0
DA:113,0
DA:116,0
DA:117,0
DA:119,0
DA:132,1
DA:135,2
DA:137,20
DA:153,0
DA:163,0
LF:25
LH:10
BRDA:37,1,0,8
BRDA:37,1,1,10
BRDA:38,2,0,8
BRDA:38,2,1,0
BRDA:38,3,0,8
BRDA:38,3,1,8
BRDA:39,4,0,8
BRDA:39,4,1,0
BRDA:57,5,0,0
BRDA:57,5,1,0
BRDA:67,6,0,0
BRDA:67,6,1,0
BRDA:75,7,0,0
BRDA:75,7,1,0
BRDA:97,8,0,0
BRDA:97,8,1,0
BRDA:99,9,0,0
BRDA:99,9,1,0
BRDA:101,10,0,0
BRDA:101,10,1,0
BRDA:105,11,0,0
BRDA:105,11,1,0
BRDA:105,12,0,0
BRDA:105,12,1,0
BRDA:105,12,2,0
BRDA:119,13,0,0
BRDA:119,13,1,0
BRDA:128,14,0,0
BRDA:128,14,1,0
BRDA:137,15,0,0
BRDA:137,15,1,20
BRDA:153,16,0,0
BRDA:153,16,1,0
BRF:33
BRH:7
end_of_record
TN:
SF:/Users/acouturi/Documents/redtetristplt/src/server/gameEvent.js
FN:11,gameEvent
FN:20,(anonymous_4)
FN:32,(anonymous_5)
FN:41,(anonymous_6)
FN:62,gameClock
FN:64,(anonymous_8)
FNF:6
FNH:0
FNDA:0,gameEvent
FNDA:0,(anonymous_4)
FNDA:0,(anonymous_5)
FNDA:0,(anonymous_6)
FNDA:0,gameClock
FNDA:0,(anonymous_8)
DA:11,1
DA:15,0
DA:20,0
DA:23,0
DA:47,0
DA:49,0
DA:51,0
DA:62,1
DA:65,0
DA:67,0
DA:69,0
DA:71,0
DA:73,0
DA:75,0
DA:77,0
DA:79,0
LF:16
LH:2
BRDA:11,1,0,0
BRDA:11,1,1,0
BRDA:11,2,0,0
BRDA:11,2,1,0
BRDA:13,3,0,0
BRDA:13,3,1,0
BRDA:13,3,2,0
BRDA:13,3,3,0
BRDA:13,3,4,0
BRDA:23,4,0,0
BRDA:23,4,1,0
BRDA:47,5,0,0
BRDA:47,5,1,0
BRDA:51,6,0,0
BRDA:51,6,1,0
BRDA:65,7,0,0
BRDA:65,7,1,0
BRDA:67,8,0,0
BRDA:67,8,1,0
BRDA:71,9,0,0
BRDA:71,9,1,0
BRDA:73,10,0,0
BRDA:73,10,1,0
BRDA:75,11,0,0
BRDA:75,11,1,0
BRDA:77,12,0,0
BRDA:77,12,1,0
BRDA:79,13,0,0
BRDA:79,13,1,0
BRF:29
BRH:0
end_of_record
TN:
SF:/Users/acouturi/Documents/redtetristplt/src/server/helpers/index.js
FN:1,rand
FN:5,generatetoken
FN:9,getRandomInt
FNF:3
FNH:1
FNDA:0,rand
FNDA:0,generatetoken
FNDA:4,getRandomInt
DA:1,2
DA:2,0
DA:5,2
DA:6,0
DA:9,2
LF:5
LH:3
BRF:0
BRH:0
end_of_record
TN:
SF:/Users/acouturi/Documents/redtetristplt/src/server/helpers/pieces.js
FNF:0
FNH:0
LF:0
LH:0
BRF:0
BRH:0
end_of_record
TN:
SF:/Users/acouturi/Documents/redtetristplt/src/server/index.js
FN:14,initApp
FN:16,handler
FN:18,(anonymous_4)
FN:31,(anonymous_5)
FN:52,initEngine
FN:53,(anonymous_7)
FN:56,(anonymous_8)
FN:77,(anonymous_10)
FN:89,create
FN:90,(anonymous_12)
FN:92,(anonymous_13)
FN:94,stop
FN:96,(anonymous_15)
FNF:13
FNH:0
FNDA:0,initApp
FNDA:0,handler
FNDA:0,(anonymous_4)
FNDA:0,(anonymous_5)
FNDA:0,initEngine
FNDA:0,(anonymous_7)
FNDA:0,(anonymous_8)
FNDA:0,(anonymous_10)
FNDA:0,create
FNDA:0,(anonymous_12)
FNDA:0,(anonymous_13)
FNDA:0,stop
FNDA:0,(anonymous_15)
DA:19,0
DA:58,0
DA:67,0
DA:79,0
DA:89,1
LF:5
LH:1
BRDA:17,1,0,0
BRDA:17,1,1,0
BRDA:19,2,0,0
BRDA:19,2,1,0
BRDA:58,3,0,0
BRDA:58,3,1,0
BRDA:58,4,0,0
BRDA:58,4,1,0
BRDA:58,4,2,0
BRDA:58,4,3,0
BRDA:67,5,0,0
BRDA:67,5,1,0
BRDA:79,6,0,0
BRDA:79,6,1,0
BRF:14
BRH:0
end_of_record
TN:
SF:/Users/acouturi/Documents/redtetristplt/src/server/main.js
FNF:0
FNH:0
LF:0
LH:0
BRF:0
BRH:0
end_of_record
TN:
SF:/Users/acouturi/Documents/redtetristplt/src/server/playerEvent.js
FN:12,playerEvent
FNF:1
FNH:0
FNDA:0,playerEvent
DA:12,1
DA:17,0
DA:23,0
DA:29,0
DA:36,0
DA:38,0
DA:40,0
DA:42,0
DA:44,0
DA:53,0
DA:54,0
DA:59,0
DA:67,0
DA:68,0
LF:14
LH:1
BRDA:16,1,0,0
BRDA:16,1,1,0
BRDA:16,1,2,0
BRDA:17,2,0,0
BRDA:17,2,1,0
BRDA:17,3,0,0
BRDA:17,3,1,0
BRDA:23,4,0,0
BRDA:23,4,1,0
BRDA:23,5,0,0
BRDA:23,5,1,0
BRDA:29,6,0,0
BRDA:29,6,1,0
BRDA:29,7,0,0
BRDA:29,7,1,0
BRDA:36,8,0,0
BRDA:36,8,1,0
BRDA:36,9,0,0
BRDA:36,9,1,0
BRDA:37,10,0,0
BRDA:37,10,1,0
BRDA:38,11,0,0
BRDA:38,11,1,0
BRDA:40,12,0,0
BRDA:40,12,1,0
BRDA:42,13,0,0
BRDA:42,13,1,0
BRDA:44,14,0,0
BRDA:44,14,1,0
BRDA:53,15,0,0
BRDA:53,15,1,0
BRDA:54,16,0,0
BRDA:54,16,1,0
BRDA:59,17,0,0
BRDA:59,17,1,0
BRDA:67,18,0,0
BRDA:67,18,1,0
BRDA:67,19,0,0
BRDA:67,19,1,0
BRDA:68,20,0,0
BRDA:68,20,1,0
BRF:41
BRH:0
end_of_record
